This is pdfTeX, Version 3.14159265-2.6-1.40.17 (TeX Live 2016) (preloaded format=pdflatex 2016.5.22)  23 FEB 2019 20:52
entering extended mode
 restricted \write18 enabled.
 file:line:error style messages enabled.
 %&-line parsing enabled.
**"Quantitative Investment.tex"
(./Quantitative Investment.tex
LaTeX2e <2016/03/31>
Babel <3.9r> and hyphenation patterns for 83 language(s) loaded.
(/usr/local/texlive/2016/texmf-dist/tex/latex/base/book.cls
Document Class: book 2014/09/29 v1.4h Standard LaTeX document class
(/usr/local/texlive/2016/texmf-dist/tex/latex/base/bk11.clo
File: bk11.clo 2014/09/29 v1.4h Standard LaTeX file (size option)
)
\c@part=\count79
\c@chapter=\count80
\c@section=\count81
\c@subsection=\count82
\c@subsubsection=\count83
\c@paragraph=\count84
\c@subparagraph=\count85
\c@figure=\count86
\c@table=\count87
\abovecaptionskip=\skip41
\belowcaptionskip=\skip42
\bibindent=\dimen102
) (/usr/local/texlive/2016/texmf-dist/tex/latex/graphics/graphicx.sty
Package: graphicx 2014/10/28 v1.0g Enhanced LaTeX Graphics (DPC,SPQR)
 (/usr/local/texlive/2016/texmf-dist/tex/latex/graphics/keyval.sty
Package: keyval 2014/10/28 v1.15 key=value parser (DPC)
\KV@toks@=\toks14
) (/usr/local/texlive/2016/texmf-dist/tex/latex/graphics/graphics.sty
Package: graphics 2016/05/09 v1.0r Standard LaTeX Graphics (DPC,SPQR)
 (/usr/local/texlive/2016/texmf-dist/tex/latex/graphics/trig.sty
Package: trig 2016/01/03 v1.10 sin cos tan (DPC)
) (/usr/local/texlive/2016/texmf-dist/tex/latex/graphics-cfg/graphics.cfg
File: graphics.cfg 2016/01/02 v1.10 sample graphics configuration
)
Package graphics Info: Driver file: pdftex.def on input line 96.
 (/usr/local/texlive/2016/texmf-dist/tex/latex/pdftex-def/pdftex.def
File: pdftex.def 2011/05/27 v0.06d Graphics/color for pdfTeX
 (/usr/local/texlive/2016/texmf-dist/tex/generic/oberdiek/infwarerr.sty
Package: infwarerr 2016/05/16 v1.4 Providing info/warning/error messages (HO)
) (/usr/local/texlive/2016/texmf-dist/tex/generic/oberdiek/ltxcmds.sty
Package: ltxcmds 2016/05/16 v1.23 LaTeX kernel commands for general use (HO)
)
\Gread@gobject=\count88
))
\Gin@req@height=\dimen103
\Gin@req@width=\dimen104
) (/usr/local/texlive/2016/texmf-dist/tex/latex/amsmath/amsmath.sty
Package: amsmath 2016/03/10 v2.15b AMS math features
\@mathmargin=\skip43

For additional information on amsmath, use the `?' option.
(/usr/local/texlive/2016/texmf-dist/tex/latex/amsmath/amstext.sty
Package: amstext 2000/06/29 v2.01 AMS text
 (/usr/local/texlive/2016/texmf-dist/tex/latex/amsmath/amsgen.sty
File: amsgen.sty 1999/11/30 v2.0 generic functions
\@emptytoks=\toks15
\ex@=\dimen105
)) (/usr/local/texlive/2016/texmf-dist/tex/latex/amsmath/amsbsy.sty
Package: amsbsy 1999/11/29 v1.2d Bold Symbols
\pmbraise@=\dimen106
) (/usr/local/texlive/2016/texmf-dist/tex/latex/amsmath/amsopn.sty
Package: amsopn 2016/03/08 v2.02 operator names
)
\inf@bad=\count89
LaTeX Info: Redefining \frac on input line 199.
\uproot@=\count90
\leftroot@=\count91
LaTeX Info: Redefining \overline on input line 297.
\classnum@=\count92
\DOTSCASE@=\count93
LaTeX Info: Redefining \ldots on input line 394.
LaTeX Info: Redefining \dots on input line 397.
LaTeX Info: Redefining \cdots on input line 518.
\Mathstrutbox@=\box26
\strutbox@=\box27
\big@size=\dimen107
LaTeX Font Info:    Redeclaring font encoding OML on input line 634.
LaTeX Font Info:    Redeclaring font encoding OMS on input line 635.
\macc@depth=\count94
\c@MaxMatrixCols=\count95
\dotsspace@=\muskip10
\c@parentequation=\count96
\dspbrk@lvl=\count97
\tag@help=\toks16
\row@=\count98
\column@=\count99
\maxfields@=\count100
\andhelp@=\toks17
\eqnshift@=\dimen108
\alignsep@=\dimen109
\tagshift@=\dimen110
\tagwidth@=\dimen111
\totwidth@=\dimen112
\lineht@=\dimen113
\@envbody=\toks18
\multlinegap=\skip44
\multlinetaggap=\skip45
\mathdisplay@stack=\toks19
LaTeX Info: Redefining \[ on input line 2739.
LaTeX Info: Redefining \] on input line 2740.
) (/usr/local/texlive/2016/texmf-dist/tex/latex/amsfonts/amsfonts.sty
Package: amsfonts 2013/01/14 v3.01 Basic AMSFonts support
\symAMSa=\mathgroup4
\symAMSb=\mathgroup5
LaTeX Font Info:    Overwriting math alphabet `\mathfrak' in version `bold'
(Font)                  U/euf/m/n --> U/euf/b/n on input line 106.
) (/usr/local/texlive/2016/texmf-dist/tex/latex/amsfonts/amssymb.sty
Package: amssymb 2013/01/14 v3.01 AMS font symbols
) (/usr/local/texlive/2016/texmf-dist/tex/latex/amscls/amsthm.sty
Package: amsthm 2015/03/04 v2.20.2
\thm@style=\toks20
\thm@bodyfont=\toks21
\thm@headfont=\toks22
\thm@notefont=\toks23
\thm@headpunct=\toks24
\thm@preskip=\skip46
\thm@postskip=\skip47
\thm@headsep=\skip48
\dth@everypar=\toks25
) (/usr/local/texlive/2016/texmf-dist/tex/latex/mathtools/mathtools.sty
Package: mathtools 2015/11/12 v1.18 mathematical typesetting tools
 (/usr/local/texlive/2016/texmf-dist/tex/latex/tools/calc.sty
Package: calc 2014/10/28 v4.3 Infix arithmetic (KKT,FJ)
\calc@Acount=\count101
\calc@Bcount=\count102
\calc@Adimen=\dimen114
\calc@Bdimen=\dimen115
\calc@Askip=\skip49
\calc@Bskip=\skip50
LaTeX Info: Redefining \setlength on input line 80.
LaTeX Info: Redefining \addtolength on input line 81.
\calc@Ccount=\count103
\calc@Cskip=\skip51
) (/usr/local/texlive/2016/texmf-dist/tex/latex/mathtools/mhsetup.sty
Package: mhsetup 2010/01/21 v1.2a programming setup (MH)
)
LaTeX Info: Thecontrolsequence`\('isalreadyrobust on input line 129.
LaTeX Info: Thecontrolsequence`\)'isalreadyrobust on input line 129.
LaTeX Info: Thecontrolsequence`\['isalreadyrobust on input line 129.
LaTeX Info: Thecontrolsequence`\]'isalreadyrobust on input line 129.
\g_MT_multlinerow_int=\count104
\l_MT_multwidth_dim=\dimen116
\origjot=\skip52
\l_MT_shortvdotswithinadjustabove_dim=\dimen117
\l_MT_shortvdotswithinadjustbelow_dim=\dimen118
\l_MT_above_intertext_sep=\dimen119
\l_MT_below_intertext_sep=\dimen120
\l_MT_above_shortintertext_sep=\dimen121
\l_MT_below_shortintertext_sep=\dimen122
) (/usr/local/texlive/2016/texmf-dist/tex/latex/commath/commath.sty (/usr/local/texlive/2016/texmf-dist/tex/latex/base/ifthen.sty
Package: ifthen 2014/09/29 v1.1c Standard LaTeX ifthen package (DPC)
)) (/usr/local/texlive/2016/texmf-dist/tex/latex/psnfss/mathpazo.sty
Package: mathpazo 2005/04/12 PSNFSS-v9.2a Palatino w/ Pazo Math (D.Puga, WaS) 
\symupright=\mathgroup6
) (/usr/local/texlive/2016/texmf-dist/tex/latex/titlesec/titlesec.sty
Package: titlesec 2016/03/21 v2.10.2 Sectioning titles
\ttl@box=\box28
\beforetitleunit=\skip53
\aftertitleunit=\skip54
\ttl@plus=\dimen123
\ttl@minus=\dimen124
\ttl@toksa=\toks26
\titlewidth=\dimen125
\titlewidthlast=\dimen126
\titlewidthfirst=\dimen127
) (/Users/lIUxinhe/Documents/Github/QuantTrading/.texpadtmp/Quantitative Investment.aux)
\openout1 = `"Quantitative Investment.aux"'.

LaTeX Font Info:    Checking defaults for OML/cmm/m/it on input line 36.
LaTeX Font Info:    ... okay on input line 36.
LaTeX Font Info:    Checking defaults for T1/cmr/m/n on input line 36.
LaTeX Font Info:    ... okay on input line 36.
LaTeX Font Info:    Checking defaults for OT1/cmr/m/n on input line 36.
LaTeX Font Info:    ... okay on input line 36.
LaTeX Font Info:    Checking defaults for OMS/cmsy/m/n on input line 36.
LaTeX Font Info:    ... okay on input line 36.
LaTeX Font Info:    Checking defaults for OMX/cmex/m/n on input line 36.
LaTeX Font Info:    ... okay on input line 36.
LaTeX Font Info:    Checking defaults for U/cmr/m/n on input line 36.
LaTeX Font Info:    ... okay on input line 36.
LaTeX Font Info:    Try loading font information for OT1+pplj on input line 36.
 (/usr/local/texlive/2016/texmf-dist/tex/latex/psnfss/ot1pplj.fd
File: ot1pplj.fd 2004/09/06 font definitions for OT1/pplj.
) (/usr/local/texlive/2016/texmf-dist/tex/context/base/mkii/supp-pdf.mkii
[Loading MPS to PDF converter (version 2006.09.02).]
\scratchcounter=\count105
\scratchdimen=\dimen128
\scratchbox=\box29
\nofMPsegments=\count106
\nofMParguments=\count107
\everyMPshowfont=\toks27
\MPscratchCnt=\count108
\MPscratchDim=\dimen129
\MPnumerator=\count109
\makeMPintoPDFobject=\count110
\everyMPtoPDFconversion=\toks28
) (/usr/local/texlive/2016/texmf-dist/tex/generic/oberdiek/pdftexcmds.sty
Package: pdftexcmds 2016/05/10 v0.21 Utility functions of pdfTeX for LuaTeX (HO)
 (/usr/local/texlive/2016/texmf-dist/tex/generic/oberdiek/ifluatex.sty
Package: ifluatex 2016/05/16 v1.4 Provides the ifluatex switch (HO)
Package ifluatex Info: LuaTeX not detected.
) (/usr/local/texlive/2016/texmf-dist/tex/generic/oberdiek/ifpdf.sty
Package: ifpdf 2016/05/14 v3.1 Provides the ifpdf switch
)
Package pdftexcmds Info: LuaTeX not detected.
Package pdftexcmds Info: \pdf@primitive is available.
Package pdftexcmds Info: \pdf@ifprimitive is available.
Package pdftexcmds Info: \pdfdraftmode found.
) (/usr/local/texlive/2016/texmf-dist/tex/latex/oberdiek/epstopdf-base.sty
Package: epstopdf-base 2016/05/15 v2.6 Base part for package epstopdf
 (/usr/local/texlive/2016/texmf-dist/tex/latex/oberdiek/grfext.sty
Package: grfext 2016/05/16 v1.2 Manage graphics extensions (HO)
 (/usr/local/texlive/2016/texmf-dist/tex/generic/oberdiek/kvdefinekeys.sty
Package: kvdefinekeys 2016/05/16 v1.4 Define keys (HO)
)) (/usr/local/texlive/2016/texmf-dist/tex/latex/oberdiek/kvoptions.sty
Package: kvoptions 2016/05/16 v3.12 Key value format for package options (HO)
 (/usr/local/texlive/2016/texmf-dist/tex/generic/oberdiek/kvsetkeys.sty
Package: kvsetkeys 2016/05/16 v1.17 Key value parser (HO)
 (/usr/local/texlive/2016/texmf-dist/tex/generic/oberdiek/etexcmds.sty
Package: etexcmds 2016/05/16 v1.6 Avoid name clashes with e-TeX commands (HO)
Package etexcmds Info: Could not find \expanded.
(etexcmds)             That can mean that you are not using pdfTeX 1.50 or
(etexcmds)             that some package has redefined \expanded.
(etexcmds)             In the latter case, load this package earlier.
)))
Package grfext Info: Graphics extension search list:
(grfext)             [.png,.pdf,.jpg,.mps,.jpeg,.jbig2,.jb2,.PNG,.PDF,.JPG,.JPEG,.JBIG2,.JB2,.eps]
(grfext)             \AppendGraphicsExtensions on input line 456.
 (/usr/local/texlive/2016/texmf-dist/tex/latex/latexconfig/epstopdf-sys.cfg
File: epstopdf-sys.cfg 2010/07/13 v1.3 Configuration of (r)epstopdf for TeX Live
))
LaTeX Font Info:    Font shape `OT1/pplj/bx/n' in size <17.28> not available
(Font)              Font shape `OT1/pplj/b/n' tried instead on input line 38.
LaTeX Font Info:    Try loading font information for OT1+pplx on input line 38.
 (/usr/local/texlive/2016/texmf-dist/tex/latex/psnfss/ot1pplx.fd
File: ot1pplx.fd 2004/09/06 font definitions for OT1/pplx.
)
LaTeX Font Info:    Try loading font information for OML+zplm on input line 38.
 (/usr/local/texlive/2016/texmf-dist/tex/latex/psnfss/omlzplm.fd
File: omlzplm.fd 2002/09/08 Fontinst v1.914 font definitions for OML/zplm.
)
LaTeX Font Info:    Try loading font information for OMS+zplm on input line 38.
 (/usr/local/texlive/2016/texmf-dist/tex/latex/psnfss/omszplm.fd
File: omszplm.fd 2002/09/08 Fontinst v1.914 font definitions for OMS/zplm.
)
LaTeX Font Info:    Try loading font information for OMX+zplm on input line 38.
 (/usr/local/texlive/2016/texmf-dist/tex/latex/psnfss/omxzplm.fd
File: omxzplm.fd 2002/09/08 Fontinst v1.914 font definitions for OMX/zplm.
)
LaTeX Font Info:    Font shape `U/msa/m/n' will be
(Font)              scaled to size 12.50409pt on input line 38.
LaTeX Font Info:    Font shape `U/msa/m/n' will be
(Font)              scaled to size 9.37807pt on input line 38.
LaTeX Font Info:    Font shape `U/msa/m/n' will be
(Font)              scaled to size 7.29405pt on input line 38.
LaTeX Font Info:    Font shape `U/msb/m/n' will be
(Font)              scaled to size 12.50409pt on input line 38.
LaTeX Font Info:    Font shape `U/msb/m/n' will be
(Font)              scaled to size 9.37807pt on input line 38.
LaTeX Font Info:    Font shape `U/msb/m/n' will be
(Font)              scaled to size 7.29405pt on input line 38.
LaTeX Font Info:    Try loading font information for OT1+zplm on input line 38.
 (/usr/local/texlive/2016/texmf-dist/tex/latex/psnfss/ot1zplm.fd
File: ot1zplm.fd 2002/09/08 Fontinst v1.914 font definitions for OT1/zplm.
) [1


{/usr/local/texlive/2016/texmf-var/fonts/map/pdftex/updmap/pdftex.map}]
LaTeX Font Info:    Font shape `OT1/pplj/bx/n' in size <24.88> not available
(Font)              Font shape `OT1/pplj/b/n' tried instead on input line 39.
 (/Users/lIUxinhe/Documents/Github/QuantTrading/.texpadtmp/Quantitative Investment.toc
LaTeX Font Info:    Font shape `OT1/pplj/bx/n' in size <12> not available
(Font)              Font shape `OT1/pplj/b/n' tried instead on input line 1.
LaTeX Font Info:    Font shape `OT1/pplj/bx/n' in size <10.95> not available
(Font)              Font shape `OT1/pplj/b/n' tried instead on input line 2.
LaTeX Font Info:    Font shape `U/msa/m/n' will be
(Font)              scaled to size 11.40997pt on input line 3.
LaTeX Font Info:    Font shape `U/msa/m/n' will be
(Font)              scaled to size 8.33606pt on input line 3.
LaTeX Font Info:    Font shape `U/msa/m/n' will be
(Font)              scaled to size 6.25204pt on input line 3.
LaTeX Font Info:    Font shape `U/msb/m/n' will be
(Font)              scaled to size 11.40997pt on input line 3.
LaTeX Font Info:    Font shape `U/msb/m/n' will be
(Font)              scaled to size 8.33606pt on input line 3.
LaTeX Font Info:    Font shape `U/msb/m/n' will be
(Font)              scaled to size 6.25204pt on input line 3.

Underfull \vbox (badness 1762) has occurred while \output is active []

 [2

]
LaTeX Font Info:    Font shape `OT1/pplj/m/sl' in size <10.95> not available
(Font)              Font shape `OT1/pplj/m/it' tried instead on input line 44.
 [3]
Underfull \vbox (badness 1097) has occurred while \output is active []

 [4]
Underfull \vbox (badness 4291) has occurred while \output is active []

 [5])
\tf@toc=\write3
\openout3 = `"Quantitative Investment.toc"'.

 [6]
LaTeX Font Info:    Font shape `OT1/pplj/bx/n' in size <20.74> not available
(Font)              Font shape `OT1/pplj/b/n' tried instead on input line 42.
 [1


]
Chapter 1.
LaTeX Font Info:    Font shape `OT1/pplj/bx/n' in size <14.4> not available
(Font)              Font shape `OT1/pplj/b/n' tried instead on input line 46.
LaTeX Font Info:    Try loading font information for OMS+pplj on input line 51.
LaTeX Font Info:    No file OMSpplj.fd. on input line 51.

LaTeX Font Warning: Font shape `OMS/pplj/m/n' undefined
(Font)              using `OMS/cmsy/m/n' instead
(Font)              for symbol `textbullet' on input line 51.

[2

]
Overfull \hbox (73.37929pt too wide) in paragraph at lines 73--83
 [] 
 []

[3] [4] [5] [6]
Chapter 2.
[7

] [8]
Overfull \hbox (34.31325pt too wide) has occurred while \output is active
\OT1/pplj/m/it/10.95 2.2.  ACCOUNTING, CORPORATE FINANCE AND FUNDAMENTAL ANALYSIS \OT1/pplj/m/n/10.95 9
 []

[9]
LaTeX Font Info:    Try loading font information for U+fplmbb on input line 229.
 (/usr/local/texlive/2016/texmf-dist/tex/latex/psnfss/ufplmbb.fd
File: ufplmbb.fd 2003/10/30 Fontinst v1.914 font definitions for U/fplmbb.
)
Missing character: There is no Ô in font pplr9o!
Missing character: There is no º in font pplr9o!
Missing character: There is no å in font pplr9o!
 [10] [11]
Chapter 3.
[12

] [13]
Missing character: There is no ‚ in font pplr9o!
Missing character: There is no Ä in font pplr9o!
Missing character: There is no ú in font pplr9o!
Missing character: There is no ‚ in font pplr9o!
Missing character: There is no Ä in font pplr9o!
Missing character: There is no ù in font pplr9o!

Overfull \hbox (25.05904pt too wide) has occurred while \output is active
\OT1/pplj/m/n/10.95 14 \OT1/pplj/m/it/10.95 CHAPTER 3.  MAJOR ASSET CLASSES AND ASSET VALUATION THEORIES
 []

[14] [15]
Overfull \hbox (25.05904pt too wide) has occurred while \output is active
\OT1/pplj/m/n/10.95 16 \OT1/pplj/m/it/10.95 CHAPTER 3.  MAJOR ASSET CLASSES AND ASSET VALUATION THEORIES
 []

[16] [17]
Overfull \hbox (25.05904pt too wide) has occurred while \output is active
\OT1/pplj/m/n/10.95 18 \OT1/pplj/m/it/10.95 CHAPTER 3.  MAJOR ASSET CLASSES AND ASSET VALUATION THEORIES
 []

[18] [19

]
Chapter 4.
[20

] [21] [22] [23] [24] [25]
Missing character: There is no ‚ in font pplr9t!
Missing character: There is no à in font pplr9t!
Missing character: There is no í in font pplr9t!
Missing character: There is no ‚ in font pplr9t!
Missing character: There is no à in font pplr9t!
Missing character: There is no í in font pplr9t!
 [26]
Overfull \hbox (30.25279pt too wide) detected at line 606
\OML/zplm/m/it/10.95 J\OT1/zplm/m/n/10.95 (\OT1/zplm/b/n/10.95 s[]\OT1/zplm/m/n/10.95 ) = [][\OML/zplm/m/it/10.95 g[]\OT1/zplm/m/n/10.95 (\OT1/zplm/b/n/10.95 s[]\OT1/pplx/m/n/10.95 , \OT1/zplm/b/n/10.95 x[]\OT1/zplm/m/n/10.95 ) + \OML/zplm/m/it/10.95 g[]\OT1/zplm/m/n/10.95 (\OT1/zplm/b/n/10.95 s[]\OT1/zplm/m/n/10.95 )] = [][\OML/zplm/m/it/10.95 g[]\OT1/zplm/m/n/10.95 (\OT1/zplm/b/n/10.95 s[]\OT1/pplx/m/n/10.95 , \OT1/zplm/b/n/10.95 x[]\OT1/zplm/m/n/10.95 ) + \OML/zplm/m/it/10.95 g[]\OT1/zplm/m/n/10.95 (\OML/zplm/m/it/10.95 f[]\OT1/zplm/m/n/10.95 (\OT1/zplm/b/n/10.95 s[]\OT1/pplx/m/n/10.95 , \OT1/zplm/b/n/10.95 x[]\OT1/zplm/m/n/10.95 )]
 []

[27] [28]
Chapter 5.
[29

] [30] [31]
Missing character: There is no ‚ in font pplr9o!
Missing character: There is no Ä in font pplr9o!
Missing character: There is no ô in font pplr9o!
 [32] [33] [34] [35]
Overfull \hbox (18.29549pt too wide) detected at line 860
\OML/zplm/m/it/10.95 S[] \OT1/zplm/m/n/10.95 : []\OT1/pplx/m/n/10.95 , \OML/zplm/m/it/10.95 F[] \OT1/zplm/m/n/10.95 : []\OT1/pplx/m/n/10.95 , \OML/zplm/m/it/10.95 X[] \OT1/zplm/m/n/10.95 : []
 []

[36]
Overfull \hbox (39.11652pt too wide) detected at line 868
[][] \OMS/zplm/m/n/10.95 ^^@ \OT1/pplx/m/n/10.95 1 \OMS/zplm/m/n/10.95 ^^Y [] ^^@ []
 []

[37]

Package amsfonts Warning: Obsolete command \bold; \mathbf should be used instead on input line 903.

[38]
Missing character: There is no Ô in font pplr9o!
Missing character: There is no º in font pplr9o!
Missing character: There is no â in font pplr9o!
 [39] [40]
Chapter 6.
Missing character: There is no Ô in font pplr9o!
Missing character: There is no º in font pplr9o!
Missing character: There is no à in font pplr9o!
[41

]
Chapter 7.
Missing character: There is no Ô in font pplr9o!
Missing character: There is no º in font pplr9o!
Missing character: There is no å in font pplr9o!
[42

]
Underfull \vbox (badness 10000) has occurred while \output is active []

 [43] [44]
Chapter 8.
[45

] [46

]
Chapter 9.
[47

] [48]
Chapter 10.
[49

]
Underfull \vbox (badness 2865) has occurred while \output is active []

 [50] [51]
Chapter 11.

Overfull \hbox (20.89404pt too wide) in paragraph at lines 1147--1147
|[] \OT1/pplj/b/n/14.4 Strat-egy De-vel-op-ment Pipeline(Single/Linear Strat-
 []

<1.JPG, id=201, 721.69624pt x 485.815pt>
File: 1.JPG Graphic file (type jpg)
 <use 1.JPG>
Package pdftex.def Info: 1.JPG used on input line 1149.
(pdftex.def)             Requested size: 360.84724pt x 242.9069pt.
 <2.JPG, id=202, 692.5875pt x 548.0475pt>
File: 2.JPG Graphic file (type jpg)
 <use 2.JPG>
Package pdftex.def Info: 2.JPG used on input line 1150.
(pdftex.def)             Requested size: 346.2929pt x 274.02307pt.
 <3.JPG, id=203, 829.0975pt x 599.23875pt>
File: 3.JPG Graphic file (type jpg)
 <use 3.JPG>
Package pdftex.def Info: 3.JPG used on input line 1151.
(pdftex.def)             Requested size: 414.54774pt x 299.61864pt.
 <4.JPG, id=204, 226.8475pt x 334.24875pt>
File: 4.JPG Graphic file (type jpg)
 <use 4.JPG>
Package pdftex.def Info: 4.JPG used on input line 1152.
(pdftex.def)             Requested size: 113.42346pt x 167.12396pt.
 <5.JPG, id=205, 284.06125pt x 455.7025pt>
File: 5.JPG Graphic file (type jpg)
 <use 5.JPG>
Package pdftex.def Info: 5.JPG used on input line 1153.
(pdftex.def)             Requested size: 142.03026pt x 227.85068pt.
 <6.JPG, id=206, 327.2225pt x 273.02pt>
File: 6.JPG Graphic file (type jpg)
 <use 6.JPG>
Package pdftex.def Info: 6.JPG used on input line 1154.
(pdftex.def)             Requested size: 163.61084pt x 136.50966pt.

Overfull \hbox (0.84724pt too wide) in paragraph at lines 1149--1155
[] 
 []


Overfull \hbox (54.54774pt too wide) in paragraph at lines 1149--1155
[] 
 []


Underfull \vbox (badness 10000) has occurred while \output is active []

 [52

]
Overfull \vbox (4.9406pt too high) has occurred while \output is active []


Overfull \hbox (25.04593pt too wide) has occurred while \output is active
\OT1/pplj/m/it/10.95 11.1.   STRATEGY DEVELOPMENT PIPELINE(SINGLE/LINEAR STRATEGY)  \OT1/pplj/m/n/10.95 53
 []

[53 <./1.JPG>]
Underfull \vbox (badness 10000) has occurred while \output is active []

 [54 <./2.JPG>]
Underfull \vbox (badness 10000) has occurred while \output is active []


Overfull \hbox (25.04593pt too wide) has occurred while \output is active
\OT1/pplj/m/it/10.95 11.1.   STRATEGY DEVELOPMENT PIPELINE(SINGLE/LINEAR STRATEGY)  \OT1/pplj/m/n/10.95 55
 []

[55 <./3.JPG> <./4.JPG> <./5.JPG>] [56 <./6.JPG>]
Overfull \hbox (25.04593pt too wide) has occurred while \output is active
\OT1/pplj/m/it/10.95 11.1.   STRATEGY DEVELOPMENT PIPELINE(SINGLE/LINEAR STRATEGY)  \OT1/pplj/m/n/10.95 57
 []

[57] <7.JPG, id=226, 493.845pt x 501.875pt>
File: 7.JPG Graphic file (type jpg)
 <use 7.JPG>
Package pdftex.def Info: 7.JPG used on input line 1222.
(pdftex.def)             Requested size: 246.92189pt x 250.93687pt.
 <8.JPG, id=227, 747.79375pt x 743.77875pt>
File: 8.JPG Graphic file (type jpg)
 <use 8.JPG>
Package pdftex.def Info: 8.JPG used on input line 1224.
(pdftex.def)             Requested size: 373.89595pt x 371.88846pt.
 <9.JPG, id=228, 561.09625pt x 728.7225pt>
File: 9.JPG Graphic file (type jpg)
 <use 9.JPG>
Package pdftex.def Info: 9.JPG used on input line 1227.
(pdftex.def)             Requested size: 280.54744pt x 364.36035pt.
 <10.JPG, id=229, 832.10875pt x 844.15375pt>
File: 10.JPG Graphic file (type jpg)
 <use 10.JPG>
Package pdftex.def Info: 10.JPG used on input line 1228.
(pdftex.def)             Requested size: 416.05336pt x 422.07584pt.

Overfull \hbox (13.89595pt too wide) in paragraph at lines 1219--1234
[] 
 []


Overfull \hbox (56.05336pt too wide) in paragraph at lines 1219--1234
[] 
 []


Underfull \vbox (badness 10000) has occurred while \output is active []

 [58]
Underfull \vbox (badness 10000) has occurred while \output is active []


Overfull \hbox (25.04593pt too wide) has occurred while \output is active
\OT1/pplj/m/it/10.95 11.1.   STRATEGY DEVELOPMENT PIPELINE(SINGLE/LINEAR STRATEGY)  \OT1/pplj/m/n/10.95 59
 []

[59 <./7.JPG>]
Underfull \vbox (badness 10000) has occurred while \output is active []

 [60 <./8.JPG>]
Underfull \vbox (badness 10000) has occurred while \output is active []


Overfull \hbox (25.04593pt too wide) has occurred while \output is active
\OT1/pplj/m/it/10.95 11.1.   STRATEGY DEVELOPMENT PIPELINE(SINGLE/LINEAR STRATEGY)  \OT1/pplj/m/n/10.95 61
 []

[61 <./9.JPG>]
Underfull \vbox (badness 10000) has occurred while \output is active []

 [62 <./10.JPG>] <11.JPG, id=246, 619.31375pt x 365.365pt>
File: 11.JPG Graphic file (type jpg)
 <use 11.JPG>
Package pdftex.def Info: 11.JPG used on input line 1239.
(pdftex.def)             Requested size: 309.65611pt x 182.68205pt.

Overfull \hbox (25.04593pt too wide) has occurred while \output is active
\OT1/pplj/m/it/10.95 11.1.   STRATEGY DEVELOPMENT PIPELINE(SINGLE/LINEAR STRATEGY)  \OT1/pplj/m/n/10.95 63
 []

[63 <./11.JPG>] [64]
Chapter 12.
[65

]
Missing character: There is no ‚ in font pplr9o!
Missing character: There is no Ä in font pplr9o!
Missing character: There is no ô in font pplr9o!
Missing character: There is no ‚ in font pplr9o!
Missing character: There is no Ä in font pplr9o!
Missing character: There is no ô in font pplr9o!
Missing character: There is no ‚ in font pplr9o!
Missing character: There is no Ä in font pplr9o!
Missing character: There is no ô in font pplr9o!
Missing character: There is no Ô in font pplr9o!
Missing character: There is no º in font pplr9o!
Missing character: There is no à in font pplr9o!

Underfull \vbox (badness 10000) has occurred while \output is active []

 [66] [67]
Chapter 13.

Underfull \vbox (badness 2582) has occurred while \output is active []

 [68

]
Overfull \hbox (16.6498pt too wide) detected at line 1422
\OML/zplm/m/it/10.95 r[] \OT1/zplm/m/n/10.95 = [](\OML/zplm/m/it/10.95 w[] \OMS/zplm/m/n/10.95 ^^@ \OML/zplm/m/it/10.95 w[]\OT1/zplm/m/n/10.95 )(\OML/zplm/m/it/10.95 r[] \OMS/zplm/m/n/10.95 ^^@ \OML/zplm/m/it/10.95 r[]\OT1/zplm/m/n/10.95 ) + [](\OML/zplm/m/it/10.95 w[] \OMS/zplm/m/n/10.95 ^^@ \OML/zplm/m/it/10.95 w[]\OT1/zplm/m/n/10.95 )(\OML/zplm/m/it/10.95 r[] \OMS/zplm/m/n/10.95 ^^@ \OML/zplm/m/it/10.95 r[]\OT1/zplm/m/n/10.95 ) + [] \OML/zplm/m/it/10.95 w[]\OT1/zplm/m/n/10.95 (\OML/zplm/m/it/10.95 r[] \OMS/zplm/m/n/10.95 ^^@ \OML/zplm/m/it/10.95 r[]\OT1/zplm/m/n/10.95 )
 []

[69] [70] [71]
Chapter 14.
[72

]
Chapter 15.
[73

] [74

] (/Users/lIUxinhe/Documents/Github/QuantTrading/.texpadtmp/Quantitative Investment.aux)

LaTeX Font Warning: Some font shapes were not available, defaults substituted.

 ) 
Here is how much of TeX's memory you used:
 3736 strings out of 493014
 51787 string characters out of 6133351
 115821 words of memory out of 5000000
 7131 multiletter control sequences out of 15000+600000
 58522 words of font info for 150 fonts, out of 8000000 for 9000
 1141 hyphenation exceptions out of 8191
 38i,9n,28p,502b,274s stack positions out of 5000i,500n,10000p,200000b,80000s
{/usr/local/texlive/2016/texmf-dist/fonts/enc/dvips/base/8r.enc}</usr/local/texlive/2016/texmf-dist/fonts/type1/public/amsfonts/cm/cmbsy10.pfb></usr/local/texlive/2016/texmf-dist/fonts/type1/public/amsfonts/cm/cmex10.pfb></usr/local/texlive/2016/texmf-dist/fonts/type1/public/amsfonts/cm/cmmi10.pfb></usr/local/texlive/2016/texmf-dist/fonts/type1/public/amsfonts/cm/cmr10.pfb></usr/local/texlive/2016/texmf-dist/fonts/type1/public/amsfonts/cm/cmsy10.pfb></usr/local/texlive/2016/texmf-dist/fonts/type1/public/fpl/fplbj8a.pfb></usr/local/texlive/2016/texmf-dist/fonts/type1/public/mathpazo/fplmb.pfb></usr/local/texlive/2016/texmf-dist/fonts/type1/public/mathpazo/fplmbb.pfb></usr/local/texlive/2016/texmf-dist/fonts/type1/public/mathpazo/fplmbi.pfb></usr/local/texlive/2016/texmf-dist/fonts/type1/public/mathpazo/fplmr.pfb></usr/local/texlive/2016/texmf-dist/fonts/type1/public/mathpazo/fplmri.pfb></usr/local/texlive/2016/texmf-dist/fonts/type1/public/fpl/fplrc8a.pfb></usr/local/texlive/2016/texmf-dist/fonts/type1/public/fpl/fplrij8a.pfb></usr/local/texlive/2016/texmf-dist/fonts/type1/urw/palatino/uplb8a.pfb></usr/local/texlive/2016/texmf-dist/fonts/type1/urw/palatino/uplbi8a.pfb></usr/local/texlive/2016/texmf-dist/fonts/type1/urw/palatino/uplr8a.pfb></usr/local/texlive/2016/texmf-dist/fonts/type1/urw/palatino/uplri8a.pfb>
Output written on "/Users/lIUxinhe/Documents/Github/QuantTrading/.texpadtmp/Quantitative Investment.pdf" (80 pages, 1376387 bytes).
PDF statistics:
 344 PDF objects out of 1000 (max. 8388607)
 231 compressed objects within 3 object streams
 0 named destinations out of 1000 (max. 500000)
 56 words of extra memory for PDF output out of 10000 (max. 10000000)

